1573065993560	mozrunner::runner	INFO	Running command: "/usr/bin/firefox" "-marionette" "-foreground" "-no-remote" "-profile" "/tmp/rust_mozprofileAfrrY5"
1573065995305	addons.webextension.screenshots@mozilla.org	WARN	Loading extension 'screenshots@mozilla.org': Reading manifest: Invalid extension permission: mozillaAddons
1573065995306	addons.webextension.screenshots@mozilla.org	WARN	Loading extension 'screenshots@mozilla.org': Reading manifest: Invalid extension permission: telemetry
1573065995307	addons.webextension.screenshots@mozilla.org	WARN	Loading extension 'screenshots@mozilla.org': Reading manifest: Invalid extension permission: resource://pdf.js/
1573065995307	addons.webextension.screenshots@mozilla.org	WARN	Loading extension 'screenshots@mozilla.org': Reading manifest: Invalid extension permission: about:reader*
1573066001829	Marionette	INFO	Listening on port 39219
1573066001925	Marionette	WARN	TLS certificate errors will be ignored for this session

(/usr/lib/firefox/firefox:3001): dconf-WARNING **: Unable to open /var/lib/menu-xdg/dconf/profile/user: Permission denied
1573066149153	Marionette	INFO	Stopped listening on port 39219
1573110139884	mozrunner::runner	INFO	Running command: "/usr/bin/firefox" "-marionette" "-foreground" "-no-remote" "-profile" "/tmp/rust_mozprofileo3oDFE"
1573110146708	addons.webextension.screenshots@mozilla.org	WARN	Loading extension 'screenshots@mozilla.org': Reading manifest: Invalid extension permission: mozillaAddons
1573110146708	addons.webextension.screenshots@mozilla.org	WARN	Loading extension 'screenshots@mozilla.org': Reading manifest: Invalid extension permission: telemetry
1573110146709	addons.webextension.screenshots@mozilla.org	WARN	Loading extension 'screenshots@mozilla.org': Reading manifest: Invalid extension permission: resource://pdf.js/
1573110146710	addons.webextension.screenshots@mozilla.org	WARN	Loading extension 'screenshots@mozilla.org': Reading manifest: Invalid extension permission: about:reader*
1573110156493	Marionette	INFO	Listening on port 44419
1573110156685	Marionette	WARN	TLS certificate errors will be ignored for this session
1573110159195	Marionette	INFO	Stopped listening on port 44419
1573110167915	mozrunner::runner	INFO	Running command: "/usr/bin/firefox" "-marionette" "-foreground" "-no-remote" "-profile" "/tmp/rust_mozprofileT7iYW3"
1573110169717	addons.webextension.screenshots@mozilla.org	WARN	Loading extension 'screenshots@mozilla.org': Reading manifest: Invalid extension permission: mozillaAddons
1573110169718	addons.webextension.screenshots@mozilla.org	WARN	Loading extension 'screenshots@mozilla.org': Reading manifest: Invalid extension permission: telemetry
1573110169719	addons.webextension.screenshots@mozilla.org	WARN	Loading extension 'screenshots@mozilla.org': Reading manifest: Invalid extension permission: resource://pdf.js/
1573110169720	addons.webextension.screenshots@mozilla.org	WARN	Loading extension 'screenshots@mozilla.org': Reading manifest: Invalid extension permission: about:reader*
1573110176275	Marionette	INFO	Listening on port 41371
1573110176374	Marionette	WARN	TLS certificate errors will be ignored for this session

(/usr/lib/firefox/firefox:1830): dconf-WARNING **: Unable to open /var/lib/menu-xdg/dconf/profile/user: Permission denied
JavaScript warning: https://steamstore-a.akamaihd.net/public/javascript/dynamicstore.js?v=tVZHEhVuAlMZ&l=english, line 2323: unreachable code after return statement
JavaScript warning: https://steamstore-a.akamaihd.net/public/javascript/dynamicstore.js?v=tVZHEhVuAlMZ&l=english, line 2323: unreachable code after return statement
1573110278924	Marionette	INFO	Stopped listening on port 41371
IPDL protocol error: Handler returned error code!

###!!! [Parent][DispatchAsyncMessage] Error: PLayerTransaction::Msg_ReleaseLayer Processing error: message was deserialized, but the handler returned false (indicating failure)

1573111761152	mozrunner::runner	INFO	Running command: "/usr/bin/firefox" "-marionette" "-foreground" "-no-remote" "-profile" "/tmp/rust_mozprofileW0aWjW"
1573111762891	addons.webextension.screenshots@mozilla.org	WARN	Loading extension 'screenshots@mozilla.org': Reading manifest: Invalid extension permission: mozillaAddons
1573111762892	addons.webextension.screenshots@mozilla.org	WARN	Loading extension 'screenshots@mozilla.org': Reading manifest: Invalid extension permission: telemetry
1573111762893	addons.webextension.screenshots@mozilla.org	WARN	Loading extension 'screenshots@mozilla.org': Reading manifest: Invalid extension permission: resource://pdf.js/
1573111762893	addons.webextension.screenshots@mozilla.org	WARN	Loading extension 'screenshots@mozilla.org': Reading manifest: Invalid extension permission: about:reader*
1573111768926	Marionette	INFO	Listening on port 46033
1573111769011	Marionette	WARN	TLS certificate errors will be ignored for this session

(/usr/lib/firefox/firefox:3741): dconf-WARNING **: Unable to open /var/lib/menu-xdg/dconf/profile/user: Permission denied
JavaScript warning: https://steamstore-a.akamaihd.net/public/javascript/dynamicstore.js?v=tVZHEhVuAlMZ&l=english, line 2323: unreachable code after return statement
JavaScript warning: https://steamstore-a.akamaihd.net/public/javascript/dynamicstore.js?v=tVZHEhVuAlMZ&l=english, line 2323: unreachable code after return statement
[Child 3741, MediaDecoderStateMachine #1] WARNING: Decoder=7ff28e2f7800 Decode error: NS_ERROR_DOM_MEDIA_FATAL_ERR (0x806e0005) - RefPtr<MediaSourceTrackDemuxer::SamplesPromise> mozilla::MediaSourceTrackDemuxer::DoGetSamples(int32_t): manager is detached.: file /build/firefox-EymEXX/firefox-69.0.1+build1/dom/media/MediaDecoderStateMachine.cpp, line 3309
[Child 3741, MediaDecoderStateMachine #1] WARNING: Decoder=7ff28e2f7800 Decode error: NS_ERROR_DOM_MEDIA_FATAL_ERR (0x806e0005) - RefPtr<MediaSourceTrackDemuxer::SamplesPromise> mozilla::MediaSourceTrackDemuxer::DoGetSamples(int32_t): manager is detached.: file /build/firefox-EymEXX/firefox-69.0.1+build1/dom/media/MediaDecoderStateMachine.cpp, line 3309
[Child 3741, MediaDecoderStateMachine #1] WARNING: Decoder=7ff28e2f7800 Decode error: NS_ERROR_DOM_MEDIA_FATAL_ERR (0x806e0005) - RefPtr<MediaSourceTrackDemuxer::SamplesPromise> mozilla::MediaSourceTrackDemuxer::DoGetSamples(int32_t): manager is detached.: file /build/firefox-EymEXX/firefox-69.0.1+build1/dom/media/MediaDecoderStateMachine.cpp, line 3309
[Child 3741, MediaDecoderStateMachine #1] WARNING: Decoder=7ff28e2f7800 Decode error: NS_ERROR_DOM_MEDIA_FATAL_ERR (0x806e0005) - RefPtr<MediaSourceTrackDemuxer::SamplesPromise> mozilla::MediaSourceTrackDemuxer::DoGetSamples(int32_t): manager is detached.: file /build/firefox-EymEXX/firefox-69.0.1+build1/dom/media/MediaDecoderStateMachine.cpp, line 3309
1573111834021	Marionette	INFO	Stopped listening on port 46033
Exiting due to channel error.
